\BOOKMARK [0][-]{chapter.1}{\376\377\0001\000\040\000D\000a\000t\000a\000\040\000S\000t\000r\000u\000c\000t\000u\000r\000e\000\040\000I\000n\000d\000e\000x}{}% 1
\BOOKMARK [1][-]{section.1.1}{\376\377\0001\000.\0001\000\040\000D\000a\000t\000a\000\040\000S\000t\000r\000u\000c\000t\000u\000r\000e\000s}{chapter.1}% 2
\BOOKMARK [0][-]{chapter.2}{\376\377\0002\000\040\000F\000i\000l\000e\000\040\000I\000n\000d\000e\000x}{}% 3
\BOOKMARK [1][-]{section.2.1}{\376\377\0002\000.\0001\000\040\000F\000i\000l\000e\000\040\000L\000i\000s\000t}{chapter.2}% 4
\BOOKMARK [0][-]{chapter.3}{\376\377\0003\000\040\000D\000a\000t\000a\000\040\000S\000t\000r\000u\000c\000t\000u\000r\000e\000\040\000D\000o\000c\000u\000m\000e\000n\000t\000a\000t\000i\000o\000n}{}% 5
\BOOKMARK [1][-]{section.3.1}{\376\377\0003\000.\0001\000\040\000a\000r\000r\000a\000y\000\137\000s\000t\000r\000u\000c\000t\000\040\000S\000t\000r\000u\000c\000t\000\040\000R\000e\000f\000e\000r\000e\000n\000c\000e}{chapter.3}% 6
\BOOKMARK [2][-]{subsection.3.1.1}{\376\377\0003\000.\0001\000.\0001\000\040\000D\000e\000t\000a\000i\000l\000e\000d\000\040\000D\000e\000s\000c\000r\000i\000p\000t\000i\000o\000n}{section.3.1}% 7
\BOOKMARK [1][-]{section.3.2}{\376\377\0003\000.\0002\000\040\000c\000o\000d\000a\000\137\000c\000i\000r\000c\000o\000l\000a\000r\000e\000\040\000S\000t\000r\000u\000c\000t\000\040\000R\000e\000f\000e\000r\000e\000n\000c\000e}{chapter.3}% 8
\BOOKMARK [1][-]{section.3.3}{\376\377\0003\000.\0003\000\040\000c\000o\000d\000a\000\137\000c\000i\000r\000c\000o\000l\000a\000r\000e\000\137\000i\000t\000e\000r\000a\000t\000o\000r\000e\000\040\000S\000t\000r\000u\000c\000t\000\040\000R\000e\000f\000e\000r\000e\000n\000c\000e}{chapter.3}% 9
\BOOKMARK [1][-]{section.3.4}{\376\377\0003\000.\0004\000\040\000c\000o\000n\000f\000i\000g\000\137\000s\000\040\000S\000t\000r\000u\000c\000t\000\040\000R\000e\000f\000e\000r\000e\000n\000c\000e}{chapter.3}% 10
\BOOKMARK [1][-]{section.3.5}{\376\377\0003\000.\0005\000\040\000c\000o\000n\000n\000e\000s\000s\000i\000\040\000S\000t\000r\000u\000c\000t\000\040\000R\000e\000f\000e\000r\000e\000n\000c\000e}{chapter.3}% 11
\BOOKMARK [2][-]{subsection.3.5.1}{\376\377\0003\000.\0005\000.\0001\000\040\000D\000e\000t\000a\000i\000l\000e\000d\000\040\000D\000e\000s\000c\000r\000i\000p\000t\000i\000o\000n}{section.3.5}% 12
\BOOKMARK [1][-]{section.3.6}{\376\377\0003\000.\0006\000\040\000d\000a\000t\000a\000\040\000S\000t\000r\000u\000c\000t\000\040\000R\000e\000f\000e\000r\000e\000n\000c\000e}{chapter.3}% 13
\BOOKMARK [2][-]{subsection.3.6.1}{\376\377\0003\000.\0006\000.\0001\000\040\000D\000e\000t\000a\000i\000l\000e\000d\000\040\000D\000e\000s\000c\000r\000i\000p\000t\000i\000o\000n}{section.3.6}% 14
\BOOKMARK [1][-]{section.3.7}{\376\377\0003\000.\0007\000\040\000h\000a\000s\000h\000\040\000S\000t\000r\000u\000c\000t\000\040\000R\000e\000f\000e\000r\000e\000n\000c\000e}{chapter.3}% 15
\BOOKMARK [2][-]{subsection.3.7.1}{\376\377\0003\000.\0007\000.\0001\000\040\000D\000e\000t\000a\000i\000l\000e\000d\000\040\000D\000e\000s\000c\000r\000i\000p\000t\000i\000o\000n}{section.3.7}% 16
\BOOKMARK [1][-]{section.3.8}{\376\377\0003\000.\0008\000\040\000h\000e\000a\000d\000e\000r\000\040\000S\000t\000r\000u\000c\000t\000\040\000R\000e\000f\000e\000r\000e\000n\000c\000e}{chapter.3}% 17
\BOOKMARK [2][-]{subsection.3.8.1}{\376\377\0003\000.\0008\000.\0001\000\040\000D\000e\000t\000a\000i\000l\000e\000d\000\040\000D\000e\000s\000c\000r\000i\000p\000t\000i\000o\000n}{section.3.8}% 18
\BOOKMARK [1][-]{section.3.9}{\376\377\0003\000.\0009\000\040\000i\000c\000l\000\137\000e\000n\000t\000r\000y\000\137\000s\000\040\000S\000t\000r\000u\000c\000t\000\040\000R\000e\000f\000e\000r\000e\000n\000c\000e}{chapter.3}% 19
\BOOKMARK [1][-]{section.3.10}{\376\377\0003\000.\0001\0000\000\040\000i\000c\000l\000\137\000h\000a\000s\000h\000\137\000s\000\040\000S\000t\000r\000u\000c\000t\000\040\000R\000e\000f\000e\000r\000e\000n\000c\000e}{chapter.3}% 20
\BOOKMARK [1][-]{section.3.11}{\376\377\0003\000.\0001\0001\000\040\000m\000e\000s\000s\000a\000g\000e\000\137\000d\000a\000t\000a\000\137\000h\000d\000r\000\137\000t\000\040\000S\000t\000r\000u\000c\000t\000\040\000R\000e\000f\000e\000r\000e\000n\000c\000e}{chapter.3}% 21
\BOOKMARK [1][-]{section.3.12}{\376\377\0003\000.\0001\0002\000\040\000m\000e\000s\000s\000a\000g\000e\000\137\000d\000a\000t\000a\000\137\000t\000\040\000S\000t\000r\000u\000c\000t\000\040\000R\000e\000f\000e\000r\000e\000n\000c\000e}{chapter.3}% 22
\BOOKMARK [1][-]{section.3.13}{\376\377\0003\000.\0001\0003\000\040\000m\000e\000s\000s\000a\000g\000e\000\137\000h\000d\000r\000\137\000t\000\040\000S\000t\000r\000u\000c\000t\000\040\000R\000e\000f\000e\000r\000e\000n\000c\000e}{chapter.3}% 23
\BOOKMARK [1][-]{section.3.14}{\376\377\0003\000.\0001\0004\000\040\000m\000e\000s\000s\000a\000g\000e\000\137\000t\000\040\000S\000t\000r\000u\000c\000t\000\040\000R\000e\000f\000e\000r\000e\000n\000c\000e}{chapter.3}% 24
\BOOKMARK [1][-]{section.3.15}{\376\377\0003\000.\0001\0005\000\040\000m\000e\000s\000s\000a\000g\000g\000i\000o\000\040\000S\000t\000r\000u\000c\000t\000\040\000R\000e\000f\000e\000r\000e\000n\000c\000e}{chapter.3}% 25
\BOOKMARK [2][-]{subsection.3.15.1}{\376\377\0003\000.\0001\0005\000.\0001\000\040\000D\000e\000t\000a\000i\000l\000e\000d\000\040\000D\000e\000s\000c\000r\000i\000p\000t\000i\000o\000n}{section.3.15}% 26
\BOOKMARK [1][-]{section.3.16}{\376\377\0003\000.\0001\0006\000\040\000N\000o\000d\000e\000\040\000S\000t\000r\000u\000c\000t\000\040\000R\000e\000f\000e\000r\000e\000n\000c\000e}{chapter.3}% 27
\BOOKMARK [2][-]{subsection.3.16.1}{\376\377\0003\000.\0001\0006\000.\0001\000\040\000D\000e\000t\000a\000i\000l\000e\000d\000\040\000D\000e\000s\000c\000r\000i\000p\000t\000i\000o\000n}{section.3.16}% 28
\BOOKMARK [1][-]{section.3.17}{\376\377\0003\000.\0001\0007\000\040\000o\000p\000e\000r\000a\000t\000i\000o\000n\000\137\000t\000\040\000S\000t\000r\000u\000c\000t\000\040\000R\000e\000f\000e\000r\000e\000n\000c\000e}{chapter.3}% 29
\BOOKMARK [1][-]{section.3.18}{\376\377\0003\000.\0001\0008\000\040\000Q\000u\000e\000u\000e\000\040\000S\000t\000r\000u\000c\000t\000\040\000R\000e\000f\000e\000r\000e\000n\000c\000e}{chapter.3}% 30
\BOOKMARK [2][-]{subsection.3.18.1}{\376\377\0003\000.\0001\0008\000.\0001\000\040\000D\000e\000t\000a\000i\000l\000e\000d\000\040\000D\000e\000s\000c\000r\000i\000p\000t\000i\000o\000n}{section.3.18}% 31
\BOOKMARK [1][-]{section.3.19}{\376\377\0003\000.\0001\0009\000\040\000s\000t\000a\000t\000\137\000s\000t\000r\000u\000c\000t\000\040\000S\000t\000r\000u\000c\000t\000\040\000R\000e\000f\000e\000r\000e\000n\000c\000e}{chapter.3}% 32
\BOOKMARK [2][-]{subsection.3.19.1}{\376\377\0003\000.\0001\0009\000.\0001\000\040\000D\000e\000t\000a\000i\000l\000e\000d\000\040\000D\000e\000s\000c\000r\000i\000p\000t\000i\000o\000n}{section.3.19}% 33
\BOOKMARK [1][-]{section.3.20}{\376\377\0003\000.\0002\0000\000\040\000s\000t\000a\000t\000i\000s\000t\000i\000c\000s\000\040\000S\000t\000r\000u\000c\000t\000\040\000R\000e\000f\000e\000r\000e\000n\000c\000e}{chapter.3}% 34
\BOOKMARK [1][-]{section.3.21}{\376\377\0003\000.\0002\0001\000\040\000u\000t\000e\000n\000t\000e\000\137\000c\000o\000n\000n\000e\000s\000s\000o\000\040\000S\000t\000r\000u\000c\000t\000\040\000R\000e\000f\000e\000r\000e\000n\000c\000e}{chapter.3}% 35
\BOOKMARK [2][-]{subsection.3.21.1}{\376\377\0003\000.\0002\0001\000.\0001\000\040\000D\000e\000t\000a\000i\000l\000e\000d\000\040\000D\000e\000s\000c\000r\000i\000p\000t\000i\000o\000n}{section.3.21}% 36
\BOOKMARK [0][-]{chapter.4}{\376\377\0004\000\040\000F\000i\000l\000e\000\040\000D\000o\000c\000u\000m\000e\000n\000t\000a\000t\000i\000o\000n}{}% 37
\BOOKMARK [1][-]{section.4.1}{\376\377\0004\000.\0001\000\040\000c\000h\000a\000t\000t\000y\000.\000c\000\040\000F\000i\000l\000e\000\040\000R\000e\000f\000e\000r\000e\000n\000c\000e}{chapter.4}% 38
\BOOKMARK [1][-]{section.4.2}{\376\377\0004\000.\0002\000\040\000c\000h\000a\000t\000t\000y\000.\000h\000\040\000F\000i\000l\000e\000\040\000R\000e\000f\000e\000r\000e\000n\000c\000e}{chapter.4}% 39
\BOOKMARK [2][-]{subsection.4.2.1}{\376\377\0004\000.\0002\000.\0001\000\040\000D\000e\000t\000a\000i\000l\000e\000d\000\040\000D\000e\000s\000c\000r\000i\000p\000t\000i\000o\000n}{section.4.2}% 40
\BOOKMARK [2][-]{subsection.4.2.2}{\376\377\0004\000.\0002\000.\0002\000\040\000F\000u\000n\000c\000t\000i\000o\000n\000\040\000D\000o\000c\000u\000m\000e\000n\000t\000a\000t\000i\000o\000n}{section.4.2}% 41
\BOOKMARK [3][-]{subsubsection.4.2.2.1}{\376\377\0004\000.\0002\000.\0002\000.\0001\000\040\000a\000g\000g\000i\000o\000r\000n\000a\000\050\000\051}{subsection.4.2.2}% 42
\BOOKMARK [3][-]{subsubsection.4.2.2.2}{\376\377\0004\000.\0002\000.\0002\000.\0002\000\040\000c\000l\000e\000a\000n\000u\000p\000C\000o\000n\000f\000i\000g\000u\000r\000a\000z\000i\000o\000n\000e\000\050\000\051}{subsection.4.2.2}% 43
\BOOKMARK [3][-]{subsubsection.4.2.2.3}{\376\377\0004\000.\0002\000.\0002\000.\0003\000\040\000c\000l\000e\000a\000n\000u\000p\000C\000o\000n\000n\000e\000s\000s\000i\000\050\000\051}{subsection.4.2.2}% 44
\BOOKMARK [3][-]{subsubsection.4.2.2.4}{\376\377\0004\000.\0002\000.\0002\000.\0004\000\040\000c\000l\000e\000a\000n\000u\000p\000N\000S\000o\000c\000k\000\050\000\051}{subsection.4.2.2}% 45
\BOOKMARK [3][-]{subsubsection.4.2.2.5}{\376\377\0004\000.\0002\000.\0002\000.\0005\000\040\000c\000l\000e\000a\000n\000u\000p\000P\000i\000p\000e\000\050\000\051}{subsection.4.2.2}% 46
\BOOKMARK [3][-]{subsubsection.4.2.2.6}{\376\377\0004\000.\0002\000.\0002\000.\0006\000\040\000c\000l\000e\000a\000n\000u\000p\000R\000e\000g\000i\000s\000t\000r\000a\000t\000i\000\050\000\051}{subsection.4.2.2}% 47
\BOOKMARK [3][-]{subsubsection.4.2.2.7}{\376\377\0004\000.\0002\000.\0002\000.\0007\000\040\000c\000l\000e\000a\000n\000u\000p\000R\000i\000c\000h\000i\000e\000s\000t\000e\000\050\000\051}{subsection.4.2.2}% 48
\BOOKMARK [3][-]{subsubsection.4.2.2.8}{\376\377\0004\000.\0002\000.\0002\000.\0008\000\040\000c\000l\000e\000a\000n\000u\000p\000S\000t\000a\000t\000\050\000\051}{subsection.4.2.2}% 49
\BOOKMARK [3][-]{subsubsection.4.2.2.9}{\376\377\0004\000.\0002\000.\0002\000.\0009\000\040\000c\000l\000e\000a\000n\000u\000p\000T\000h\000r\000e\000a\000d\000I\000d\000\050\000\051}{subsection.4.2.2}% 50
\BOOKMARK [3][-]{subsubsection.4.2.2.10}{\376\377\0004\000.\0002\000.\0002\000.\0001\0000\000\040\000c\000r\000e\000a\000t\000e\000S\000o\000c\000k\000e\000t\000\050\000\051}{subsection.4.2.2}% 51
\BOOKMARK [3][-]{subsubsection.4.2.2.11}{\376\377\0004\000.\0002\000.\0002\000.\0001\0001\000\040\000i\000n\000i\000t\000C\000o\000n\000n\000e\000s\000s\000i\000\050\000\051}{subsection.4.2.2}% 52
\BOOKMARK [3][-]{subsubsection.4.2.2.12}{\376\377\0004\000.\0002\000.\0002\000.\0001\0002\000\040\000i\000n\000i\000t\000D\000i\000r\000F\000i\000l\000e\000\050\000\051}{subsection.4.2.2}% 53
\BOOKMARK [3][-]{subsubsection.4.2.2.13}{\376\377\0004\000.\0002\000.\0002\000.\0001\0003\000\040\000i\000n\000i\000t\000H\000a\000s\000h\000L\000o\000c\000k\000\050\000\051}{subsection.4.2.2}% 54
\BOOKMARK [3][-]{subsubsection.4.2.2.14}{\376\377\0004\000.\0002\000.\0002\000.\0001\0004\000\040\000i\000n\000i\000t\000N\000S\000o\000c\000k\000\050\000\051}{subsection.4.2.2}% 55
\BOOKMARK [3][-]{subsubsection.4.2.2.15}{\376\377\0004\000.\0002\000.\0002\000.\0001\0005\000\040\000i\000n\000i\000t\000R\000e\000g\000i\000s\000t\000r\000a\000t\000i\000\050\000\051}{subsection.4.2.2}% 56
\BOOKMARK [3][-]{subsubsection.4.2.2.16}{\376\377\0004\000.\0002\000.\0002\000.\0001\0006\000\040\000i\000n\000i\000t\000S\000t\000a\000t\000\050\000\051}{subsection.4.2.2}% 57
\BOOKMARK [3][-]{subsubsection.4.2.2.17}{\376\377\0004\000.\0002\000.\0002\000.\0001\0007\000\040\000i\000s\000P\000i\000p\000e\000\050\000\051}{subsection.4.2.2}% 58
\BOOKMARK [3][-]{subsubsection.4.2.2.18}{\376\377\0004\000.\0002\000.\0002\000.\0001\0008\000\040\000j\000o\000i\000n\000A\000l\000l\000T\000h\000r\000e\000a\000d\000\050\000\051}{subsection.4.2.2}% 59
\BOOKMARK [3][-]{subsubsection.4.2.2.19}{\376\377\0004\000.\0002\000.\0002\000.\0001\0009\000\040\000s\000t\000o\000p\000A\000l\000l\000T\000h\000r\000e\000a\000d\000\050\000\051}{subsection.4.2.2}% 60
\BOOKMARK [3][-]{subsubsection.4.2.2.20}{\376\377\0004\000.\0002\000.\0002\000.\0002\0000\000\040\000s\000t\000o\000p\000P\000o\000o\000l\000\050\000\051}{subsection.4.2.2}% 61
\BOOKMARK [1][-]{section.4.3}{\376\377\0004\000.\0003\000\040\000c\000l\000i\000e\000n\000t\000.\000c\000\040\000F\000i\000l\000e\000\040\000R\000e\000f\000e\000r\000e\000n\000c\000e}{chapter.4}% 62
\BOOKMARK [2][-]{subsection.4.3.1}{\376\377\0004\000.\0003\000.\0001\000\040\000D\000e\000t\000a\000i\000l\000e\000d\000\040\000D\000e\000s\000c\000r\000i\000p\000t\000i\000o\000n}{section.4.3}% 63
\BOOKMARK [1][-]{section.4.4}{\376\377\0004\000.\0004\000\040\000c\000o\000n\000f\000i\000g\000.\000h\000\040\000F\000i\000l\000e\000\040\000R\000e\000f\000e\000r\000e\000n\000c\000e}{chapter.4}% 64
\BOOKMARK [2][-]{subsection.4.4.1}{\376\377\0004\000.\0004\000.\0001\000\040\000D\000e\000t\000a\000i\000l\000e\000d\000\040\000D\000e\000s\000c\000r\000i\000p\000t\000i\000o\000n}{section.4.4}% 65
\BOOKMARK [1][-]{section.4.5}{\376\377\0004\000.\0005\000\040\000g\000e\000s\000t\000i\000o\000n\000e\000R\000i\000c\000h\000i\000e\000s\000t\000e\000.\000c\000\040\000F\000i\000l\000e\000\040\000R\000e\000f\000e\000r\000e\000n\000c\000e}{chapter.4}% 66
\BOOKMARK [2][-]{subsection.4.5.1}{\376\377\0004\000.\0005\000.\0001\000\040\000D\000e\000t\000a\000i\000l\000e\000d\000\040\000D\000e\000s\000c\000r\000i\000p\000t\000i\000o\000n}{section.4.5}% 67
\BOOKMARK [2][-]{subsection.4.5.2}{\376\377\0004\000.\0005\000.\0002\000\040\000F\000u\000n\000c\000t\000i\000o\000n\000\040\000D\000o\000c\000u\000m\000e\000n\000t\000a\000t\000i\000o\000n}{section.4.5}% 68
\BOOKMARK [3][-]{subsubsection.4.5.2.1}{\376\377\0004\000.\0005\000.\0002\000.\0001\000\040\000c\000o\000n\000n\000e\000c\000t\000\137\000o\000p\000\050\000\051}{subsection.4.5.2}% 69
\BOOKMARK [3][-]{subsubsection.4.5.2.2}{\376\377\0004\000.\0005\000.\0002\000.\0002\000\040\000c\000o\000p\000y\000M\000e\000s\000s\000a\000g\000e\000\050\000\051}{subsection.4.5.2}% 70
\BOOKMARK [3][-]{subsubsection.4.5.2.3}{\376\377\0004\000.\0005\000.\0002\000.\0003\000\040\000d\000i\000s\000c\000o\000n\000n\000e\000c\000t\000\137\000o\000p\000\050\000\051}{subsection.4.5.2}% 71
\BOOKMARK [3][-]{subsubsection.4.5.2.4}{\376\377\0004\000.\0005\000.\0002\000.\0004\000\040\000g\000e\000t\000f\000i\000l\000e\000\137\000o\000p\000\050\000\051}{subsection.4.5.2}% 72
\BOOKMARK [3][-]{subsubsection.4.5.2.5}{\376\377\0004\000.\0005\000.\0002\000.\0005\000\040\000g\000e\000t\000O\000n\000l\000y\000F\000i\000l\000e\000N\000a\000m\000e\000\050\000\051}{subsection.4.5.2}% 73
\BOOKMARK [3][-]{subsubsection.4.5.2.6}{\376\377\0004\000.\0005\000.\0002\000.\0006\000\040\000g\000e\000t\000P\000o\000s\000i\000z\000i\000o\000n\000e\000L\000i\000b\000e\000r\000a\000\050\000\051}{subsection.4.5.2}% 74
\BOOKMARK [3][-]{subsubsection.4.5.2.7}{\376\377\0004\000.\0005\000.\0002\000.\0007\000\040\000g\000e\000t\000p\000r\000e\000v\000m\000s\000g\000s\000\137\000o\000p\000\050\000\051}{subsection.4.5.2}% 75
\BOOKMARK [3][-]{subsubsection.4.5.2.8}{\376\377\0004\000.\0005\000.\0002\000.\0008\000\040\000g\000e\000t\000U\000s\000r\000F\000d\000\050\000\051}{subsection.4.5.2}% 76
\BOOKMARK [3][-]{subsubsection.4.5.2.9}{\376\377\0004\000.\0005\000.\0002\000.\0009\000\040\000g\000e\000t\000U\000s\000r\000N\000i\000c\000k\000n\000a\000m\000e\000\050\000\051}{subsection.4.5.2}% 77
\BOOKMARK [3][-]{subsubsection.4.5.2.10}{\376\377\0004\000.\0005\000.\0002\000.\0001\0000\000\040\000m\000a\000k\000e\000L\000i\000s\000t\000U\000s\000r\000\050\000\051}{subsection.4.5.2}% 78
\BOOKMARK [3][-]{subsubsection.4.5.2.11}{\376\377\0004\000.\0005\000.\0002\000.\0001\0001\000\040\000p\000o\000s\000t\000f\000i\000l\000e\000\137\000o\000p\000\050\000\051}{subsection.4.5.2}% 79
\BOOKMARK [3][-]{subsubsection.4.5.2.12}{\376\377\0004\000.\0005\000.\0002\000.\0001\0002\000\040\000p\000o\000s\000t\000t\000x\000t\000\137\000o\000p\000\050\000\051}{subsection.4.5.2}% 80
\BOOKMARK [3][-]{subsubsection.4.5.2.13}{\376\377\0004\000.\0005\000.\0002\000.\0001\0003\000\040\000p\000o\000s\000t\000t\000x\000t\000a\000l\000l\000\137\000o\000p\000\050\000\051}{subsection.4.5.2}% 81
\BOOKMARK [3][-]{subsubsection.4.5.2.14}{\376\377\0004\000.\0005\000.\0002\000.\0001\0004\000\040\000r\000e\000g\000i\000s\000t\000e\000r\000\137\000o\000p\000\050\000\051}{subsection.4.5.2}% 82
\BOOKMARK [3][-]{subsubsection.4.5.2.15}{\376\377\0004\000.\0005\000.\0002\000.\0001\0005\000\040\000r\000e\000g\000i\000s\000t\000r\000a\000t\000o\000\050\000\051}{subsection.4.5.2}% 83
\BOOKMARK [3][-]{subsubsection.4.5.2.16}{\376\377\0004\000.\0005\000.\0002\000.\0001\0006\000\040\000u\000n\000r\000e\000g\000i\000s\000t\000e\000r\000\137\000o\000p\000\050\000\051}{subsection.4.5.2}% 84
\BOOKMARK [3][-]{subsubsection.4.5.2.17}{\376\377\0004\000.\0005\000.\0002\000.\0001\0007\000\040\000u\000s\000r\000l\000i\000s\000t\000\137\000o\000p\000\050\000\051}{subsection.4.5.2}% 85
\BOOKMARK [1][-]{section.4.6}{\376\377\0004\000.\0006\000\040\000g\000e\000s\000t\000i\000o\000n\000e\000R\000i\000c\000h\000i\000e\000s\000t\000e\000.\000h\000\040\000F\000i\000l\000e\000\040\000R\000e\000f\000e\000r\000e\000n\000c\000e}{chapter.4}% 86
\BOOKMARK [2][-]{subsection.4.6.1}{\376\377\0004\000.\0006\000.\0001\000\040\000D\000e\000t\000a\000i\000l\000e\000d\000\040\000D\000e\000s\000c\000r\000i\000p\000t\000i\000o\000n}{section.4.6}% 87
\BOOKMARK [2][-]{subsection.4.6.2}{\376\377\0004\000.\0006\000.\0002\000\040\000F\000u\000n\000c\000t\000i\000o\000n\000\040\000D\000o\000c\000u\000m\000e\000n\000t\000a\000t\000i\000o\000n}{section.4.6}% 88
\BOOKMARK [3][-]{subsubsection.4.6.2.1}{\376\377\0004\000.\0006\000.\0002\000.\0001\000\040\000c\000o\000n\000n\000e\000c\000t\000\137\000o\000p\000\050\000\051}{subsection.4.6.2}% 89
\BOOKMARK [3][-]{subsubsection.4.6.2.2}{\376\377\0004\000.\0006\000.\0002\000.\0002\000\040\000d\000i\000s\000c\000o\000n\000n\000e\000c\000t\000\137\000o\000p\000\050\000\051}{subsection.4.6.2}% 90
\BOOKMARK [3][-]{subsubsection.4.6.2.3}{\376\377\0004\000.\0006\000.\0002\000.\0003\000\040\000g\000e\000t\000f\000i\000l\000e\000\137\000o\000p\000\050\000\051}{subsection.4.6.2}% 91
\BOOKMARK [3][-]{subsubsection.4.6.2.4}{\376\377\0004\000.\0006\000.\0002\000.\0004\000\040\000g\000e\000t\000p\000r\000e\000v\000m\000s\000g\000s\000\137\000o\000p\000\050\000\051}{subsection.4.6.2}% 92
\BOOKMARK [3][-]{subsubsection.4.6.2.5}{\376\377\0004\000.\0006\000.\0002\000.\0005\000\040\000p\000o\000s\000t\000f\000i\000l\000e\000\137\000o\000p\000\050\000\051}{subsection.4.6.2}% 93
\BOOKMARK [3][-]{subsubsection.4.6.2.6}{\376\377\0004\000.\0006\000.\0002\000.\0006\000\040\000p\000o\000s\000t\000t\000x\000t\000\137\000o\000p\000\050\000\051}{subsection.4.6.2}% 94
\BOOKMARK [3][-]{subsubsection.4.6.2.7}{\376\377\0004\000.\0006\000.\0002\000.\0007\000\040\000p\000o\000s\000t\000t\000x\000t\000a\000l\000l\000\137\000o\000p\000\050\000\051}{subsection.4.6.2}% 95
\BOOKMARK [3][-]{subsubsection.4.6.2.8}{\376\377\0004\000.\0006\000.\0002\000.\0008\000\040\000r\000e\000g\000i\000s\000t\000e\000r\000\137\000o\000p\000\050\000\051}{subsection.4.6.2}% 96
\BOOKMARK [3][-]{subsubsection.4.6.2.9}{\376\377\0004\000.\0006\000.\0002\000.\0009\000\040\000u\000n\000r\000e\000g\000i\000s\000t\000e\000r\000\137\000o\000p\000\050\000\051}{subsection.4.6.2}% 97
\BOOKMARK [3][-]{subsubsection.4.6.2.10}{\376\377\0004\000.\0006\000.\0002\000.\0001\0000\000\040\000u\000s\000r\000l\000i\000s\000t\000\137\000o\000p\000\050\000\051}{subsection.4.6.2}% 98
\BOOKMARK [1][-]{section.4.7}{\376\377\0004\000.\0007\000\040\000l\000i\000b\000/\000G\000e\000s\000t\000i\000o\000n\000e\000H\000a\000s\000h\000T\000a\000b\000l\000e\000/\000i\000c\000l\000\137\000h\000a\000s\000h\000.\000c\000\040\000F\000i\000l\000e\000\040\000R\000e\000f\000e\000r\000e\000n\000c\000e}{chapter.4}% 99
\BOOKMARK [2][-]{subsection.4.7.1}{\376\377\0004\000.\0007\000.\0001\000\040\000D\000e\000t\000a\000i\000l\000e\000d\000\040\000D\000e\000s\000c\000r\000i\000p\000t\000i\000o\000n}{section.4.7}% 100
\BOOKMARK [2][-]{subsection.4.7.2}{\376\377\0004\000.\0007\000.\0002\000\040\000F\000u\000n\000c\000t\000i\000o\000n\000\040\000D\000o\000c\000u\000m\000e\000n\000t\000a\000t\000i\000o\000n}{section.4.7}% 101
\BOOKMARK [3][-]{subsubsection.4.7.2.1}{\376\377\0004\000.\0007\000.\0002\000.\0001\000\040\000i\000c\000l\000\137\000h\000a\000s\000h\000\137\000c\000r\000e\000a\000t\000e\000\050\000\051}{subsection.4.7.2}% 102
\BOOKMARK [3][-]{subsubsection.4.7.2.2}{\376\377\0004\000.\0007\000.\0002\000.\0002\000\040\000i\000c\000l\000\137\000h\000a\000s\000h\000\137\000d\000e\000l\000e\000t\000e\000\050\000\051}{subsection.4.7.2}% 103
\BOOKMARK [3][-]{subsubsection.4.7.2.3}{\376\377\0004\000.\0007\000.\0002\000.\0003\000\040\000i\000c\000l\000\137\000h\000a\000s\000h\000\137\000d\000e\000s\000t\000r\000o\000y\000\050\000\051}{subsection.4.7.2}% 104
\BOOKMARK [3][-]{subsubsection.4.7.2.4}{\376\377\0004\000.\0007\000.\0002\000.\0004\000\040\000i\000c\000l\000\137\000h\000a\000s\000h\000\137\000d\000u\000m\000p\000\050\000\051}{subsection.4.7.2}% 105
\BOOKMARK [3][-]{subsubsection.4.7.2.5}{\376\377\0004\000.\0007\000.\0002\000.\0005\000\040\000i\000c\000l\000\137\000h\000a\000s\000h\000\137\000f\000i\000n\000d\000\050\000\051}{subsection.4.7.2}% 106
\BOOKMARK [3][-]{subsubsection.4.7.2.6}{\376\377\0004\000.\0007\000.\0002\000.\0006\000\040\000i\000c\000l\000\137\000h\000a\000s\000h\000\137\000i\000n\000s\000e\000r\000t\000\050\000\051}{subsection.4.7.2}% 107
\BOOKMARK [1][-]{section.4.8}{\376\377\0004\000.\0008\000\040\000l\000i\000b\000/\000G\000e\000s\000t\000i\000o\000n\000e\000H\000a\000s\000h\000T\000a\000b\000l\000e\000/\000i\000c\000l\000\137\000h\000a\000s\000h\000.\000h\000\040\000F\000i\000l\000e\000\040\000R\000e\000f\000e\000r\000e\000n\000c\000e}{chapter.4}% 108
\BOOKMARK [2][-]{subsection.4.8.1}{\376\377\0004\000.\0008\000.\0001\000\040\000D\000e\000t\000a\000i\000l\000e\000d\000\040\000D\000e\000s\000c\000r\000i\000p\000t\000i\000o\000n}{section.4.8}% 109
\BOOKMARK [2][-]{subsection.4.8.2}{\376\377\0004\000.\0008\000.\0002\000\040\000M\000a\000c\000r\000o\000\040\000D\000e\000f\000i\000n\000i\000t\000i\000o\000n\000\040\000D\000o\000c\000u\000m\000e\000n\000t\000a\000t\000i\000o\000n}{section.4.8}% 110
\BOOKMARK [3][-]{subsubsection.4.8.2.1}{\376\377\0004\000.\0008\000.\0002\000.\0001\000\040\000i\000c\000l\000\137\000h\000a\000s\000h\000\137\000f\000o\000r\000e\000a\000c\000h}{subsection.4.8.2}% 111
\BOOKMARK [2][-]{subsection.4.8.3}{\376\377\0004\000.\0008\000.\0003\000\040\000F\000u\000n\000c\000t\000i\000o\000n\000\040\000D\000o\000c\000u\000m\000e\000n\000t\000a\000t\000i\000o\000n}{section.4.8}% 112
\BOOKMARK [3][-]{subsubsection.4.8.3.1}{\376\377\0004\000.\0008\000.\0003\000.\0001\000\040\000i\000c\000l\000\137\000h\000a\000s\000h\000\137\000c\000r\000e\000a\000t\000e\000\050\000\051}{subsection.4.8.3}% 113
\BOOKMARK [3][-]{subsubsection.4.8.3.2}{\376\377\0004\000.\0008\000.\0003\000.\0002\000\040\000i\000c\000l\000\137\000h\000a\000s\000h\000\137\000d\000e\000l\000e\000t\000e\000\050\000\051}{subsection.4.8.3}% 114
\BOOKMARK [3][-]{subsubsection.4.8.3.3}{\376\377\0004\000.\0008\000.\0003\000.\0003\000\040\000i\000c\000l\000\137\000h\000a\000s\000h\000\137\000d\000u\000m\000p\000\050\000\051}{subsection.4.8.3}% 115
\BOOKMARK [3][-]{subsubsection.4.8.3.4}{\376\377\0004\000.\0008\000.\0003\000.\0004\000\040\000i\000c\000l\000\137\000h\000a\000s\000h\000\137\000f\000i\000n\000d\000\050\000\051}{subsection.4.8.3}% 116
\BOOKMARK [3][-]{subsubsection.4.8.3.5}{\376\377\0004\000.\0008\000.\0003\000.\0005\000\040\000i\000c\000l\000\137\000h\000a\000s\000h\000\137\000i\000n\000s\000e\000r\000t\000\050\000\051}{subsection.4.8.3}% 117
\BOOKMARK [1][-]{section.4.9}{\376\377\0004\000.\0009\000\040\000l\000i\000b\000/\000G\000e\000s\000t\000i\000o\000n\000e\000H\000i\000s\000t\000o\000r\000y\000/\000c\000o\000d\000a\000C\000i\000r\000c\000o\000l\000a\000r\000e\000.\000h\000\040\000F\000i\000l\000e\000\040\000R\000e\000f\000e\000r\000e\000n\000c\000e}{chapter.4}% 118
\BOOKMARK [2][-]{subsection.4.9.1}{\376\377\0004\000.\0009\000.\0001\000\040\000D\000e\000t\000a\000i\000l\000e\000d\000\040\000D\000e\000s\000c\000r\000i\000p\000t\000i\000o\000n}{section.4.9}% 119
\BOOKMARK [2][-]{subsection.4.9.2}{\376\377\0004\000.\0009\000.\0002\000\040\000F\000u\000n\000c\000t\000i\000o\000n\000\040\000D\000o\000c\000u\000m\000e\000n\000t\000a\000t\000i\000o\000n}{section.4.9}% 120
\BOOKMARK [3][-]{subsubsection.4.9.2.1}{\376\377\0004\000.\0009\000.\0002\000.\0001\000\040\000e\000l\000i\000m\000i\000n\000a\000\050\000\051}{subsection.4.9.2}% 121
\BOOKMARK [3][-]{subsubsection.4.9.2.2}{\376\377\0004\000.\0009\000.\0002\000.\0002\000\040\000e\000l\000i\000m\000i\000n\000a\000C\000o\000d\000a\000\050\000\051}{subsection.4.9.2}% 122
\BOOKMARK [3][-]{subsubsection.4.9.2.3}{\376\377\0004\000.\0009\000.\0002\000.\0003\000\040\000e\000l\000i\000m\000i\000n\000a\000I\000t\000e\000r\000a\000t\000o\000r\000e\000\050\000\051}{subsection.4.9.2}% 123
\BOOKMARK [3][-]{subsubsection.4.9.2.4}{\376\377\0004\000.\0009\000.\0002\000.\0004\000\040\000i\000n\000i\000t\000C\000o\000d\000a\000C\000i\000r\000c\000o\000l\000a\000r\000e\000\050\000\051}{subsection.4.9.2}% 124
\BOOKMARK [3][-]{subsubsection.4.9.2.5}{\376\377\0004\000.\0009\000.\0002\000.\0005\000\040\000i\000n\000i\000t\000I\000t\000e\000r\000a\000t\000o\000r\000e\000\050\000\051}{subsection.4.9.2}% 125
\BOOKMARK [3][-]{subsubsection.4.9.2.6}{\376\377\0004\000.\0009\000.\0002\000.\0006\000\040\000i\000n\000s\000e\000r\000i\000s\000c\000i\000\050\000\051}{subsection.4.9.2}% 126
\BOOKMARK [3][-]{subsubsection.4.9.2.7}{\376\377\0004\000.\0009\000.\0002\000.\0007\000\040\000l\000u\000n\000g\000\050\000\051}{subsection.4.9.2}% 127
\BOOKMARK [3][-]{subsubsection.4.9.2.8}{\376\377\0004\000.\0009\000.\0002\000.\0008\000\040\000n\000e\000x\000t\000\050\000\051}{subsection.4.9.2}% 128
\BOOKMARK [3][-]{subsubsection.4.9.2.9}{\376\377\0004\000.\0009\000.\0002\000.\0009\000\040\000v\000u\000o\000t\000a\000\050\000\051}{subsection.4.9.2}% 129
\BOOKMARK [1][-]{section.4.10}{\376\377\0004\000.\0001\0000\000\040\000m\000e\000s\000s\000a\000g\000e\000.\000h\000\040\000F\000i\000l\000e\000\040\000R\000e\000f\000e\000r\000e\000n\000c\000e}{chapter.4}% 130
\BOOKMARK [2][-]{subsection.4.10.1}{\376\377\0004\000.\0001\0000\000.\0001\000\040\000D\000e\000t\000a\000i\000l\000e\000d\000\040\000D\000e\000s\000c\000r\000i\000p\000t\000i\000o\000n}{section.4.10}% 131
\BOOKMARK [1][-]{section.4.11}{\376\377\0004\000.\0001\0001\000\040\000o\000p\000s\000.\000h\000\040\000F\000i\000l\000e\000\040\000R\000e\000f\000e\000r\000e\000n\000c\000e}{chapter.4}% 132
\BOOKMARK [2][-]{subsection.4.11.1}{\376\377\0004\000.\0001\0001\000.\0001\000\040\000D\000e\000t\000a\000i\000l\000e\000d\000\040\000D\000e\000s\000c\000r\000i\000p\000t\000i\000o\000n}{section.4.11}% 133
\BOOKMARK [2][-]{subsection.4.11.2}{\376\377\0004\000.\0001\0001\000.\0002\000\040\000E\000n\000u\000m\000e\000r\000a\000t\000i\000o\000n\000\040\000T\000y\000p\000e\000\040\000D\000o\000c\000u\000m\000e\000n\000t\000a\000t\000i\000o\000n}{section.4.11}% 134
\BOOKMARK [3][-]{subsubsection.4.11.2.1}{\376\377\0004\000.\0001\0001\000.\0002\000.\0001\000\040\000o\000p\000\137\000t}{subsection.4.11.2}% 135
\BOOKMARK [1][-]{section.4.12}{\376\377\0004\000.\0001\0002\000\040\000p\000a\000r\000s\000e\000r\000.\000h\000\040\000F\000i\000l\000e\000\040\000R\000e\000f\000e\000r\000e\000n\000c\000e}{chapter.4}% 136
\BOOKMARK [2][-]{subsection.4.12.1}{\376\377\0004\000.\0001\0002\000.\0001\000\040\000D\000e\000t\000a\000i\000l\000e\000d\000\040\000D\000e\000s\000c\000r\000i\000p\000t\000i\000o\000n}{section.4.12}% 137
\BOOKMARK [2][-]{subsection.4.12.2}{\376\377\0004\000.\0001\0002\000.\0002\000\040\000F\000u\000n\000c\000t\000i\000o\000n\000\040\000D\000o\000c\000u\000m\000e\000n\000t\000a\000t\000i\000o\000n}{section.4.12}% 138
\BOOKMARK [3][-]{subsubsection.4.12.2.1}{\376\377\0004\000.\0001\0002\000.\0002\000.\0001\000\040\000c\000h\000e\000c\000k\000\050\000\051}{subsection.4.12.2}% 139
\BOOKMARK [3][-]{subsubsection.4.12.2.2}{\376\377\0004\000.\0001\0002\000.\0002\000.\0002\000\040\000F\000r\000e\000e\000C\000o\000n\000f\000i\000g\000\050\000\051}{subsection.4.12.2}% 140
\BOOKMARK [3][-]{subsubsection.4.12.2.3}{\376\377\0004\000.\0001\0002\000.\0002\000.\0003\000\040\000i\000n\000i\000t\000\050\000\051}{subsection.4.12.2}% 141
\BOOKMARK [3][-]{subsubsection.4.12.2.4}{\376\377\0004\000.\0001\0002\000.\0002\000.\0004\000\040\000i\000n\000i\000t\000P\000a\000r\000s\000e\000C\000h\000e\000c\000k\000\050\000\051}{subsection.4.12.2}% 142
\BOOKMARK [3][-]{subsubsection.4.12.2.5}{\376\377\0004\000.\0001\0002\000.\0002\000.\0005\000\040\000m\000a\000k\000e\000C\000o\000n\000f\000i\000g\000\050\000\051}{subsection.4.12.2}% 143
\BOOKMARK [3][-]{subsubsection.4.12.2.6}{\376\377\0004\000.\0001\0002\000.\0002\000.\0006\000\040\000p\000a\000r\000s\000e\000\050\000\051}{subsection.4.12.2}% 144
\BOOKMARK [3][-]{subsubsection.4.12.2.7}{\376\377\0004\000.\0001\0002\000.\0002\000.\0007\000\040\000R\000e\000m\000o\000v\000e\000S\000p\000a\000c\000e\000s\000\050\000\051}{subsection.4.12.2}% 145
\BOOKMARK [1][-]{section.4.13}{\376\377\0004\000.\0001\0003\000\040\000s\000t\000r\000u\000t\000t\000u\000r\000e\000C\000o\000n\000d\000i\000v\000i\000s\000e\000.\000h\000\040\000F\000i\000l\000e\000\040\000R\000e\000f\000e\000r\000e\000n\000c\000e}{chapter.4}% 146
\BOOKMARK [2][-]{subsection.4.13.1}{\376\377\0004\000.\0001\0003\000.\0001\000\040\000D\000e\000t\000a\000i\000l\000e\000d\000\040\000D\000e\000s\000c\000r\000i\000p\000t\000i\000o\000n}{section.4.13}% 147
\BOOKMARK [1][-]{section.4.14}{\376\377\0004\000.\0001\0004\000\040\000u\000t\000i\000l\000i\000t\000y\000.\000h\000\040\000F\000i\000l\000e\000\040\000R\000e\000f\000e\000r\000e\000n\000c\000e}{chapter.4}% 148
\BOOKMARK [2][-]{subsection.4.14.1}{\376\377\0004\000.\0001\0004\000.\0001\000\040\000D\000e\000t\000a\000i\000l\000e\000d\000\040\000D\000e\000s\000c\000r\000i\000p\000t\000i\000o\000n}{section.4.14}% 149
\BOOKMARK [2][-]{subsection.4.14.2}{\376\377\0004\000.\0001\0004\000.\0002\000\040\000M\000a\000c\000r\000o\000\040\000D\000e\000f\000i\000n\000i\000t\000i\000o\000n\000\040\000D\000o\000c\000u\000m\000e\000n\000t\000a\000t\000i\000o\000n}{section.4.14}% 150
\BOOKMARK [3][-]{subsubsection.4.14.2.1}{\376\377\0004\000.\0001\0004\000.\0002\000.\0001\000\040\000e\000c\000\137\000m\000e\000n\000o\0001}{subsection.4.14.2}% 151
\BOOKMARK [3][-]{subsubsection.4.14.2.2}{\376\377\0004\000.\0001\0004\000.\0002\000.\0002\000\040\000e\000c\000\137\000m\000e\000n\000o\0001\000\137\000c}{subsection.4.14.2}% 152
\BOOKMARK [3][-]{subsubsection.4.14.2.3}{\376\377\0004\000.\0001\0004\000.\0002\000.\0003\000\040\000e\000c\000\137\000m\000e\000n\000o\0001\000\137\000r\000e\000t\000u\000r\000n}{subsection.4.14.2}% 153
\BOOKMARK [3][-]{subsubsection.4.14.2.4}{\376\377\0004\000.\0001\0004\000.\0002\000.\0004\000\040\000e\000c\000\137\000n\000u\000l\000l}{subsection.4.14.2}% 154
\BOOKMARK [3][-]{subsubsection.4.14.2.5}{\376\377\0004\000.\0001\0004\000.\0002\000.\0005\000\040\000e\000c\000\137\000n\000u\000l\000l\000\137\000c}{subsection.4.14.2}% 155
\BOOKMARK [3][-]{subsubsection.4.14.2.6}{\376\377\0004\000.\0001\0004\000.\0002\000.\0006\000\040\000e\000c\000\137\000n\000u\000l\000l\000\137\000r\000e\000t\000u\000r\000n}{subsection.4.14.2}% 156
\BOOKMARK [0][-]{section*.48}{\376\377\000I\000n\000d\000e\000x}{}% 157
